[2017-03-30 10:03:39][INFO ](GenerateWeightedMatrix.java:63) - Load Raw Documents ....
[2017-03-30 10:03:39][INFO ](FileInputLoader.java:42) - documents loading : 0
[2017-03-30 10:03:39][INFO ](FileInputLoader.java:42) - documents loading : 1000
[2017-03-30 10:03:39][INFO ](FileInputLoader.java:42) - documents loading : 2000
[2017-03-30 10:03:39][INFO ](FileInputLoader.java:42) - documents loading : 3000
[2017-03-30 10:03:39][INFO ](FileInputLoader.java:42) - documents loading : 4000
[2017-03-30 10:03:39][INFO ](FileInputLoader.java:42) - documents loading : 5000
[2017-03-30 10:03:39][INFO ](FileInputLoader.java:42) - documents loading : 6000
[2017-03-30 10:03:39][INFO ](FileInputLoader.java:42) - documents loading : 7000
[2017-03-30 10:03:39][INFO ](FileInputLoader.java:42) - documents loading : 8000
[2017-03-30 10:03:39][INFO ](FileInputLoader.java:42) - documents loading : 9000
[2017-03-30 10:03:39][INFO ](FileInputLoader.java:42) - documents loading : 10000
[2017-03-30 10:03:39][INFO ](FileInputLoader.java:42) - documents loading : 11000
[2017-03-30 10:03:39][INFO ](FileInputLoader.java:42) - documents loading : 12000
[2017-03-30 10:03:39][INFO ](FileInputLoader.java:42) - documents loading : 13000
[2017-03-30 10:03:39][INFO ](FileInputLoader.java:42) - documents loading : 14000
[2017-03-30 10:03:39][INFO ](FileInputLoader.java:42) - documents loading : 15000
[2017-03-30 10:03:39][INFO ](FileInputLoader.java:42) - documents loading : 16000
[2017-03-30 10:03:40][INFO ](FileInputLoader.java:42) - documents loading : 17000
[2017-03-30 10:03:40][INFO ](FileInputLoader.java:42) - documents loading : 18000
[2017-03-30 10:03:40][INFO ](FileInputLoader.java:42) - documents loading : 19000
[2017-03-30 10:03:40][INFO ](FileInputLoader.java:42) - documents loading : 20000
[2017-03-30 10:03:40][INFO ](FileInputLoader.java:42) - documents loading : 21000
[2017-03-30 10:03:40][INFO ](FileInputLoader.java:42) - documents loading : 22000
[2017-03-30 10:03:40][INFO ](FileInputLoader.java:42) - documents loading : 23000
[2017-03-30 10:03:40][INFO ](FileInputLoader.java:42) - documents loading : 24000
[2017-03-30 10:03:40][INFO ](FileInputLoader.java:42) - documents loading : 25000
[2017-03-30 10:03:40][INFO ](FileInputLoader.java:42) - documents loading : 26000
[2017-03-30 10:03:40][INFO ](FileInputLoader.java:42) - documents loading : 27000
[2017-03-30 10:03:40][INFO ](FileInputLoader.java:42) - documents loading : 28000
[2017-03-30 10:03:40][INFO ](FileInputLoader.java:42) - documents loading : 29000
[2017-03-30 10:03:40][INFO ](FileInputLoader.java:42) - documents loading : 30000
[2017-03-30 10:03:40][INFO ](FileInputLoader.java:42) - documents loading : 31000
[2017-03-30 10:03:40][INFO ](FileInputLoader.java:42) - documents loading : 32000
[2017-03-30 10:03:40][INFO ](FileInputLoader.java:42) - documents loading : 33000
[2017-03-30 10:03:40][INFO ](FileInputLoader.java:42) - documents loading : 34000
[2017-03-30 10:03:40][INFO ](FileInputLoader.java:42) - documents loading : 35000
[2017-03-30 10:03:40][INFO ](FileInputLoader.java:42) - documents loading : 36000
[2017-03-30 10:03:40][INFO ](FileInputLoader.java:42) - documents loading : 37000
[2017-03-30 10:03:40][INFO ](FileInputLoader.java:42) - documents loading : 38000
[2017-03-30 10:03:40][INFO ](FileInputLoader.java:42) - documents loading : 39000
[2017-03-30 10:03:40][INFO ](FileInputLoader.java:42) - documents loading : 40000
[2017-03-30 10:03:40][INFO ](FileInputLoader.java:42) - documents loading : 41000
[2017-03-30 10:03:40][INFO ](FileInputLoader.java:42) - documents loading : 42000
[2017-03-30 10:03:40][INFO ](FileInputLoader.java:42) - documents loading : 43000
[2017-03-30 10:03:40][INFO ](FileInputLoader.java:42) - documents loading : 44000
[2017-03-30 10:03:40][INFO ](FileInputLoader.java:42) - documents loading : 45000
[2017-03-30 10:03:40][INFO ](FileInputLoader.java:42) - documents loading : 46000
[2017-03-30 10:03:40][INFO ](FileInputLoader.java:42) - documents loading : 47000
[2017-03-30 10:03:40][INFO ](FileInputLoader.java:42) - documents loading : 48000
[2017-03-30 10:03:40][INFO ](FileInputLoader.java:42) - documents loading : 49000
[2017-03-30 10:03:40][INFO ](FileInputLoader.java:42) - documents loading : 50000
[2017-03-30 10:03:40][INFO ](FileInputLoader.java:42) - documents loading : 51000
[2017-03-30 10:03:40][INFO ](FileInputLoader.java:42) - documents loading : 52000
[2017-03-30 10:03:40][INFO ](FileInputLoader.java:42) - documents loading : 53000
[2017-03-30 10:03:40][INFO ](FileInputLoader.java:42) - documents loading : 54000
[2017-03-30 10:03:40][INFO ](FileInputLoader.java:42) - documents loading : 55000
[2017-03-30 10:03:40][INFO ](FileInputLoader.java:42) - documents loading : 56000
[2017-03-30 10:03:40][INFO ](FileInputLoader.java:42) - documents loading : 57000
[2017-03-30 10:03:40][INFO ](FileInputLoader.java:42) - documents loading : 58000
[2017-03-30 10:03:40][INFO ](FileInputLoader.java:42) - documents loading : 59000
[2017-03-30 10:03:40][INFO ](FileInputLoader.java:42) - documents loading : 60000
[2017-03-30 10:03:40][INFO ](FileInputLoader.java:42) - documents loading : 61000
[2017-03-30 10:03:40][INFO ](FileInputLoader.java:42) - documents loading : 62000
[2017-03-30 10:03:40][INFO ](FileInputLoader.java:42) - documents loading : 63000
[2017-03-30 10:03:40][INFO ](FileInputLoader.java:42) - documents loading : 64000
[2017-03-30 10:03:40][INFO ](FileInputLoader.java:42) - documents loading : 65000
[2017-03-30 10:03:41][INFO ](FileInputLoader.java:42) - documents loading : 66000
[2017-03-30 10:03:41][INFO ](FileInputLoader.java:42) - documents loading : 67000
[2017-03-30 10:03:41][INFO ](FileInputLoader.java:42) - documents loading : 68000
[2017-03-30 10:03:41][INFO ](FileInputLoader.java:42) - documents loading : 69000
[2017-03-30 10:03:41][INFO ](FileInputLoader.java:42) - documents loading : 70000
[2017-03-30 10:03:41][INFO ](FileInputLoader.java:42) - documents loading : 71000
[2017-03-30 10:03:41][INFO ](FileInputLoader.java:42) - documents loading : 72000
[2017-03-30 10:03:41][INFO ](FileInputLoader.java:42) - documents loading : 73000
[2017-03-30 10:03:41][INFO ](FileInputLoader.java:42) - documents loading : 74000
[2017-03-30 10:03:41][INFO ](FileInputLoader.java:42) - documents loading : 75000
[2017-03-30 10:03:41][INFO ](FileInputLoader.java:42) - documents loading : 76000
[2017-03-30 10:03:41][INFO ](FileInputLoader.java:42) - documents loading : 77000
[2017-03-30 10:03:41][INFO ](FileInputLoader.java:42) - documents loading : 78000
[2017-03-30 10:03:41][INFO ](FileInputLoader.java:42) - documents loading : 79000
[2017-03-30 10:03:41][INFO ](FileInputLoader.java:42) - documents loading : 80000
[2017-03-30 10:03:41][INFO ](FileInputLoader.java:42) - documents loading : 81000
[2017-03-30 10:03:41][INFO ](FileInputLoader.java:42) - documents loading : 82000
[2017-03-30 10:03:41][INFO ](FileInputLoader.java:42) - documents loading : 83000
[2017-03-30 10:03:41][INFO ](FileInputLoader.java:42) - documents loading : 84000
[2017-03-30 10:03:41][INFO ](FileInputLoader.java:42) - documents loading : 85000
[2017-03-30 10:03:41][INFO ](FileInputLoader.java:42) - documents loading : 86000
[2017-03-30 10:03:41][INFO ](FileInputLoader.java:42) - documents loading : 87000
[2017-03-30 10:03:41][INFO ](FileInputLoader.java:42) - documents loading : 88000
[2017-03-30 10:03:41][INFO ](FileInputLoader.java:42) - documents loading : 89000
[2017-03-30 10:03:41][INFO ](FileInputLoader.java:42) - documents loading : 90000
[2017-03-30 10:03:41][INFO ](FileInputLoader.java:42) - documents loading : 91000
[2017-03-30 10:03:41][INFO ](FileInputLoader.java:42) - documents loading : 92000
[2017-03-30 10:03:41][INFO ](FileInputLoader.java:42) - documents loading : 93000
[2017-03-30 10:03:41][INFO ](FileInputLoader.java:42) - documents loading : 94000
[2017-03-30 10:03:41][INFO ](FileInputLoader.java:42) - documents loading : 95000
[2017-03-30 10:03:41][INFO ](FileInputLoader.java:42) - documents loading : 96000
[2017-03-30 10:03:41][INFO ](FileInputLoader.java:42) - documents loading : 97000
[2017-03-30 10:03:41][INFO ](FileInputLoader.java:42) - documents loading : 98000
[2017-03-30 10:03:41][INFO ](FileInputLoader.java:42) - documents loading : 99000
[2017-03-30 10:03:41][INFO ](GenerateWeightedMatrix.java:68) - Load Raw Documents done : 2266 msec.
[2017-03-30 10:03:41][INFO ](GenerateWeightedMatrix.java:72) - Convert Raw Document to Collection ....
[2017-03-30 10:03:55][INFO ](GenerateWeightedMatrix.java:76) - Convert Raw Document to Collection done : 14226 msec.
[2017-03-30 10:03:55][INFO ](GenerateWeightedMatrix.java:80) - Generate Raw Term-Document Matrix ....
[2017-03-30 10:03:55][INFO ](Collection.java:111) - VSIZE: 372753
[2017-03-30 10:03:55][INFO ](Collection.java:112) - DSIZE: 95786
[2017-03-30 10:08:25][INFO ](GenerateWeightedMatrix.java:63) - Load Raw Documents ....
[2017-03-30 10:08:25][INFO ](FileInputLoader.java:42) - documents loading : 0
[2017-03-30 10:08:26][INFO ](FileInputLoader.java:42) - documents loading : 1000
[2017-03-30 10:08:26][INFO ](FileInputLoader.java:42) - documents loading : 2000
[2017-03-30 10:08:26][INFO ](FileInputLoader.java:42) - documents loading : 3000
[2017-03-30 10:08:26][INFO ](FileInputLoader.java:42) - documents loading : 4000
[2017-03-30 10:08:26][INFO ](FileInputLoader.java:42) - documents loading : 5000
[2017-03-30 10:08:26][INFO ](FileInputLoader.java:42) - documents loading : 6000
[2017-03-30 10:08:26][INFO ](FileInputLoader.java:42) - documents loading : 7000
[2017-03-30 10:08:26][INFO ](FileInputLoader.java:42) - documents loading : 8000
[2017-03-30 10:08:26][INFO ](FileInputLoader.java:42) - documents loading : 9000
[2017-03-30 10:08:26][INFO ](FileInputLoader.java:42) - documents loading : 10000
[2017-03-30 10:08:26][INFO ](FileInputLoader.java:42) - documents loading : 11000
[2017-03-30 10:08:26][INFO ](FileInputLoader.java:42) - documents loading : 12000
[2017-03-30 10:08:26][INFO ](FileInputLoader.java:42) - documents loading : 13000
[2017-03-30 10:08:26][INFO ](FileInputLoader.java:42) - documents loading : 14000
[2017-03-30 10:08:26][INFO ](FileInputLoader.java:42) - documents loading : 15000
[2017-03-30 10:08:26][INFO ](FileInputLoader.java:42) - documents loading : 16000
[2017-03-30 10:08:26][INFO ](FileInputLoader.java:42) - documents loading : 17000
[2017-03-30 10:08:26][INFO ](FileInputLoader.java:42) - documents loading : 18000
[2017-03-30 10:08:27][INFO ](FileInputLoader.java:42) - documents loading : 19000
[2017-03-30 10:08:27][INFO ](FileInputLoader.java:42) - documents loading : 20000
[2017-03-30 10:08:27][INFO ](FileInputLoader.java:42) - documents loading : 21000
[2017-03-30 10:08:27][INFO ](FileInputLoader.java:42) - documents loading : 22000
[2017-03-30 10:08:27][INFO ](FileInputLoader.java:42) - documents loading : 23000
[2017-03-30 10:08:27][INFO ](FileInputLoader.java:42) - documents loading : 24000
[2017-03-30 10:08:27][INFO ](FileInputLoader.java:42) - documents loading : 25000
[2017-03-30 10:08:27][INFO ](FileInputLoader.java:42) - documents loading : 26000
[2017-03-30 10:08:27][INFO ](FileInputLoader.java:42) - documents loading : 27000
[2017-03-30 10:08:27][INFO ](FileInputLoader.java:42) - documents loading : 28000
[2017-03-30 10:08:27][INFO ](FileInputLoader.java:42) - documents loading : 29000
[2017-03-30 10:08:27][INFO ](FileInputLoader.java:42) - documents loading : 30000
[2017-03-30 10:08:27][INFO ](FileInputLoader.java:42) - documents loading : 31000
[2017-03-30 10:08:27][INFO ](FileInputLoader.java:42) - documents loading : 32000
[2017-03-30 10:08:27][INFO ](FileInputLoader.java:42) - documents loading : 33000
[2017-03-30 10:08:27][INFO ](FileInputLoader.java:42) - documents loading : 34000
[2017-03-30 10:08:27][INFO ](FileInputLoader.java:42) - documents loading : 35000
[2017-03-30 10:08:27][INFO ](FileInputLoader.java:42) - documents loading : 36000
[2017-03-30 10:08:27][INFO ](FileInputLoader.java:42) - documents loading : 37000
[2017-03-30 10:08:27][INFO ](FileInputLoader.java:42) - documents loading : 38000
[2017-03-30 10:08:27][INFO ](FileInputLoader.java:42) - documents loading : 39000
[2017-03-30 10:08:27][INFO ](FileInputLoader.java:42) - documents loading : 40000
[2017-03-30 10:08:27][INFO ](FileInputLoader.java:42) - documents loading : 41000
[2017-03-30 10:08:28][INFO ](FileInputLoader.java:42) - documents loading : 42000
[2017-03-30 10:08:28][INFO ](FileInputLoader.java:42) - documents loading : 43000
[2017-03-30 10:08:28][INFO ](FileInputLoader.java:42) - documents loading : 44000
[2017-03-30 10:08:28][INFO ](FileInputLoader.java:42) - documents loading : 45000
[2017-03-30 10:08:28][INFO ](FileInputLoader.java:42) - documents loading : 46000
[2017-03-30 10:08:28][INFO ](FileInputLoader.java:42) - documents loading : 47000
[2017-03-30 10:08:28][INFO ](FileInputLoader.java:42) - documents loading : 48000
[2017-03-30 10:08:28][INFO ](FileInputLoader.java:42) - documents loading : 49000
[2017-03-30 10:08:28][INFO ](FileInputLoader.java:42) - documents loading : 50000
[2017-03-30 10:08:28][INFO ](FileInputLoader.java:42) - documents loading : 51000
[2017-03-30 10:08:28][INFO ](FileInputLoader.java:42) - documents loading : 52000
[2017-03-30 10:08:28][INFO ](FileInputLoader.java:42) - documents loading : 53000
[2017-03-30 10:08:28][INFO ](FileInputLoader.java:42) - documents loading : 54000
[2017-03-30 10:08:28][INFO ](FileInputLoader.java:42) - documents loading : 55000
[2017-03-30 10:08:28][INFO ](FileInputLoader.java:42) - documents loading : 56000
[2017-03-30 10:08:28][INFO ](FileInputLoader.java:42) - documents loading : 57000
[2017-03-30 10:08:28][INFO ](FileInputLoader.java:42) - documents loading : 58000
[2017-03-30 10:08:28][INFO ](FileInputLoader.java:42) - documents loading : 59000
[2017-03-30 10:08:28][INFO ](FileInputLoader.java:42) - documents loading : 60000
[2017-03-30 10:08:28][INFO ](FileInputLoader.java:42) - documents loading : 61000
[2017-03-30 10:08:28][INFO ](FileInputLoader.java:42) - documents loading : 62000
[2017-03-30 10:08:28][INFO ](FileInputLoader.java:42) - documents loading : 63000
[2017-03-30 10:08:28][INFO ](FileInputLoader.java:42) - documents loading : 64000
[2017-03-30 10:08:28][INFO ](FileInputLoader.java:42) - documents loading : 65000
[2017-03-30 10:08:28][INFO ](FileInputLoader.java:42) - documents loading : 66000
[2017-03-30 10:08:28][INFO ](FileInputLoader.java:42) - documents loading : 67000
[2017-03-30 10:08:28][INFO ](FileInputLoader.java:42) - documents loading : 68000
[2017-03-30 10:08:28][INFO ](FileInputLoader.java:42) - documents loading : 69000
[2017-03-30 10:08:28][INFO ](FileInputLoader.java:42) - documents loading : 70000
[2017-03-30 10:08:28][INFO ](FileInputLoader.java:42) - documents loading : 71000
[2017-03-30 10:08:28][INFO ](FileInputLoader.java:42) - documents loading : 72000
[2017-03-30 10:08:28][INFO ](FileInputLoader.java:42) - documents loading : 73000
[2017-03-30 10:08:28][INFO ](FileInputLoader.java:42) - documents loading : 74000
[2017-03-30 10:08:28][INFO ](FileInputLoader.java:42) - documents loading : 75000
[2017-03-30 10:08:28][INFO ](FileInputLoader.java:42) - documents loading : 76000
[2017-03-30 10:08:28][INFO ](FileInputLoader.java:42) - documents loading : 77000
[2017-03-30 10:08:28][INFO ](FileInputLoader.java:42) - documents loading : 78000
[2017-03-30 10:08:28][INFO ](FileInputLoader.java:42) - documents loading : 79000
[2017-03-30 10:08:28][INFO ](FileInputLoader.java:42) - documents loading : 80000
[2017-03-30 10:08:28][INFO ](FileInputLoader.java:42) - documents loading : 81000
[2017-03-30 10:08:28][INFO ](FileInputLoader.java:42) - documents loading : 82000
[2017-03-30 10:08:28][INFO ](FileInputLoader.java:42) - documents loading : 83000
[2017-03-30 10:08:29][INFO ](FileInputLoader.java:42) - documents loading : 84000
[2017-03-30 10:08:29][INFO ](FileInputLoader.java:42) - documents loading : 85000
[2017-03-30 10:08:29][INFO ](FileInputLoader.java:42) - documents loading : 86000
[2017-03-30 10:08:29][INFO ](FileInputLoader.java:42) - documents loading : 87000
[2017-03-30 10:08:29][INFO ](FileInputLoader.java:42) - documents loading : 88000
[2017-03-30 10:08:29][INFO ](FileInputLoader.java:42) - documents loading : 89000
[2017-03-30 10:08:29][INFO ](FileInputLoader.java:42) - documents loading : 90000
[2017-03-30 10:08:29][INFO ](FileInputLoader.java:42) - documents loading : 91000
[2017-03-30 10:08:29][INFO ](FileInputLoader.java:42) - documents loading : 92000
[2017-03-30 10:08:29][INFO ](FileInputLoader.java:42) - documents loading : 93000
[2017-03-30 10:08:29][INFO ](FileInputLoader.java:42) - documents loading : 94000
[2017-03-30 10:08:29][INFO ](FileInputLoader.java:42) - documents loading : 95000
[2017-03-30 10:08:29][INFO ](FileInputLoader.java:42) - documents loading : 96000
[2017-03-30 10:08:29][INFO ](FileInputLoader.java:42) - documents loading : 97000
[2017-03-30 10:08:29][INFO ](FileInputLoader.java:42) - documents loading : 98000
[2017-03-30 10:08:29][INFO ](FileInputLoader.java:42) - documents loading : 99000
[2017-03-30 10:08:29][INFO ](GenerateWeightedMatrix.java:68) - Load Raw Documents done : 3383 msec.
[2017-03-30 10:08:29][INFO ](GenerateWeightedMatrix.java:72) - Convert Raw Document to Collection ....
[2017-03-30 10:08:42][INFO ](GenerateWeightedMatrix.java:76) - Convert Raw Document to Collection done : 13448 msec.
[2017-03-30 10:08:42][INFO ](GenerateWeightedMatrix.java:80) - Generate Raw Term-Document Matrix ....
[2017-03-30 10:08:42][INFO ](Collection.java:111) - VSIZE: 372753
[2017-03-30 10:08:42][INFO ](Collection.java:112) - DSIZE: 95786
